11:31:08 INFO  : Launching XSDB server: xsdb.bat -s C:/Xilinx/SDK/2015.2/scripts/xsdb/xsdb/xsdb-server.tcl
11:31:10 INFO  : XSDB server has started successfully.
11:34:15 INFO  : Project 'lab4_top_hw_platform_0' created. You can now create BSPs and application projects targeting this hardware platform.
11:55:48 ERROR : Checking FPGA configuration failed..Connection to Board Failed


    Unknown Error Occured
    Cable is not connected to the host

11:55:48 ERROR : Unexpected error while launching program.
com.xilinx.sdk.targetmanager.TMException: Connection to Board Failed


    Unknown Error Occured
    Cable is not connected to the host

	at com.xilinx.sdk.targetmanager.internal.TM.isFPGAConfigured(TM.java:372)
	at com.xilinx.sdk.debug.core.XilinxAppLaunchConfigurationDelegate.isFpgaConfigured(XilinxAppLaunchConfigurationDelegate.java:381)
	at com.xilinx.sdk.debug.core.XilinxAppLaunchConfigurationDelegate.launch(XilinxAppLaunchConfigurationDelegate.java:290)
	at com.xilinx.sdk.debug.ui.XilinxAppLaunchDelegateWrapper.launch(XilinxAppLaunchDelegateWrapper.java:31)
	at org.eclipse.debug.internal.core.LaunchConfiguration.launch(LaunchConfiguration.java:858)
	at org.eclipse.debug.internal.core.LaunchConfiguration.launch(LaunchConfiguration.java:707)
	at org.eclipse.debug.internal.ui.DebugUIPlugin.buildAndLaunch(DebugUIPlugin.java:1018)
	at org.eclipse.debug.internal.ui.DebugUIPlugin$8.run(DebugUIPlugin.java:1222)
	at org.eclipse.core.internal.jobs.Worker.run(Worker.java:53)
11:56:48 INFO  : ps7_init is completed.
11:56:49 INFO  : ps7_post_config is completed.
11:56:49 INFO  : Processor reset is completed for ps7_cortexa9_0
12:15:30 INFO  : Connected to target on host '127.0.0.1' and port '3121'.
12:15:30 INFO  : 'targets -set -filter {jtag_cable_name =~ "Digilent Zed 210248445463" && level==0} -index 1' command is executed.
12:15:30 INFO  : 'fpga -state' command is executed.
12:16:35 INFO  : Connected to target on host '127.0.0.1' and port '3121'.
12:16:35 INFO  : 'targets -set -filter {jtag_cable_name =~ "Digilent Zed 210248445463" && level==0} -index 1' command is executed.
12:16:38 INFO  : FPGA configured successfully with bitstream "M:/pc/Desktop/INF3430/INF3430-Lab-4/SDK/lab4_top_hw_platform_0/lab4_top.bit"
12:16:58 INFO  : Processor reset is completed for ps7_cortexa9_0
15:49:46 INFO  : Launching XSDB server: xsdb.bat -s C:/Xilinx/SDK/2015.2/scripts/xsdb/xsdb/xsdb-server.tcl
15:49:48 INFO  : XSDB server has started successfully.
16:16:42 INFO  : Launching XSDB server: xsdb.bat -s C:/Xilinx/SDK/2015.2/scripts/xsdb/xsdb/xsdb-server.tcl
16:16:43 INFO  : XSDB server has started successfully.
16:17:50 INFO  : Connected to target on host '127.0.0.1' and port '3121'.
16:17:50 INFO  : 'targets -set -filter {jtag_cable_name =~ "Digilent Zed 210248445647" && level==0} -index 1' command is executed.
16:17:53 INFO  : FPGA configured successfully with bitstream "M:/pc/Desktop/INF3430/INF3430-Lab-4/SDK/lab4_top_hw_platform_0/lab4_top.bit"
16:18:44 WARN  : Unable to obtain port 2350 for use by XMD, java.net.SocketException: Unrecognized Windows Sockets error: 0: JVM_Bind
16:18:49 INFO  : ps7_init is completed.
16:18:49 INFO  : ps7_post_config is completed.
16:18:49 INFO  : Processor reset is completed for ps7_cortexa9_0
16:21:02 INFO  : ps7_cortexa9_0 Processor is in use. Please stop existing Run or Debug sessions before launching.
16:21:05 INFO  : Processor reset is completed for ps7_cortexa9_0
16:22:17 INFO  : Processor reset is completed for ps7_cortexa9_0
16:23:04 INFO  : ps7_cortexa9_0 Processor is in use. Please stop existing Run or Debug sessions before launching.
16:23:05 INFO  : Processor reset is completed for ps7_cortexa9_0
16:24:35 INFO  : Processor reset is completed for ps7_cortexa9_0
16:24:47 INFO  : Processor reset is completed for ps7_cortexa9_0
16:27:25 INFO  : Processor reset is completed for ps7_cortexa9_0
16:27:54 INFO  : Processor reset is completed for ps7_cortexa9_0
16:28:47 INFO  : Processor reset is completed for ps7_cortexa9_0
16:29:06 INFO  : Processor reset is completed for ps7_cortexa9_0
16:29:18 INFO  : Processor reset is completed for ps7_cortexa9_0
16:29:39 INFO  : Processor reset is completed for ps7_cortexa9_0
16:30:04 INFO  : Processor reset is completed for ps7_cortexa9_0
16:30:29 INFO  : Processor reset is completed for ps7_cortexa9_0
16:31:04 INFO  : Processor reset is completed for ps7_cortexa9_0
16:33:49 INFO  : Processor reset is completed for ps7_cortexa9_0
16:34:11 INFO  : Processor reset is completed for ps7_cortexa9_0
16:34:58 INFO  : Processor reset is completed for ps7_cortexa9_0
16:35:24 INFO  : Processor reset is completed for ps7_cortexa9_0
16:35:47 INFO  : Processor reset is completed for ps7_cortexa9_0
16:44:19 INFO  : Processor reset is completed for ps7_cortexa9_0
16:45:50 INFO  : Processor reset is completed for ps7_cortexa9_0
17:03:20 INFO  : Processor reset is completed for ps7_cortexa9_0
17:03:49 ERROR : Unexpected error while parsing XMD response ?: com.google.gson.JsonSyntaxException: com.google.gson.stream.MalformedJsonException: invalid number or unquoted string near 
